<?xml version="1.0" encoding="UTF-8"?>
<!-- Generated by org.testng.reporters.JUnitReportReporter -->
<testsuite skipped="2" hostname="Chowdary" name="com.crm.qa.testcases.LoginPageTest" tests="4" failures="0" timestamp="14 Oct 2017 15:25:23 GMT" time="40.742" errors="0">
  <testcase name="loginTest" time="26.210" classname="com.crm.qa.testcases.LoginPageTest"/>
  <testcase name="loginPageTitleTest" time="14.532" classname="com.crm.qa.testcases.LoginPageTest"/>
  <testcase name="crmLogoTest" classname="com.crm.qa.testcases.LoginPageTest">
    <skipped/>
  </testcase> <!-- crmLogoTest -->
  <testcase name="signupLinkTest" classname="com.crm.qa.testcases.LoginPageTest">
    <skipped/>
  </testcase> <!-- signupLinkTest -->
</testsuite> <!-- com.crm.qa.testcases.LoginPageTest -->
