<?xml version="1.0" encoding="UTF-8"?>
<!-- Generated by org.testng.reporters.JUnitReportReporter -->
<testsuite skipped="0" hostname="Chowdary" name="com.crm.qa.testcases.ContactsPageTest" tests="4" failures="0" timestamp="14 Oct 2017 15:25:22 GMT" time="127.247" errors="0">
  <testcase name="validateNewContacts" time="31.025" classname="com.crm.qa.testcases.ContactsPageTest"/>
  <testcase name="selectContactsTest" time="27.228" classname="com.crm.qa.testcases.ContactsPageTest"/>
  <testcase name="validateNewContacts" time="35.364" classname="com.crm.qa.testcases.ContactsPageTest"/>
  <testcase name="validateNewContacts" time="33.630" classname="com.crm.qa.testcases.ContactsPageTest"/>
</testsuite> <!-- com.crm.qa.testcases.ContactsPageTest -->
