<?xml version="1.0" encoding="UTF-8"?>
<!-- Generated by org.testng.reporters.JUnitReportReporter -->
<testsuite skipped="0" hostname="Chowdary" name="com.crm.qa.testcases.SignUpPageTest" tests="1" failures="0" timestamp="14 Oct 2017 15:25:23 GMT" time="45.214" errors="0">
  <testcase name="signUpTest" time="45.214" classname="com.crm.qa.testcases.SignUpPageTest"/>
</testsuite> <!-- com.crm.qa.testcases.SignUpPageTest -->
