<?xml version="1.0" encoding="UTF-8"?>
<!-- Generated by org.testng.reporters.JUnitReportReporter -->
<testsuite skipped="2" hostname="Chowdary" name="com.crm.qa.testcases.ContactsPageTest" tests="2" failures="0" timestamp="22 Oct 2017 07:46:29 GMT" time="0.000" errors="0">
  <testcase name="validateNewContacts" time="0.000" classname="com.crm.qa.testcases.ContactsPageTest">
    <skipped/>
  </testcase> <!-- validateNewContacts -->
  <testcase name="selectContactsTest" classname="com.crm.qa.testcases.ContactsPageTest">
    <skipped/>
  </testcase> <!-- selectContactsTest -->
</testsuite> <!-- com.crm.qa.testcases.ContactsPageTest -->
