<?xml version="1.0" encoding="UTF-8"?>
<!-- Generated by org.testng.reporters.JUnitReportReporter -->
<testsuite skipped="0" hostname="Chowdary" name="com.crm.qa.testcases.SignUpPageTest" tests="1" failures="0" timestamp="15 Oct 2017 04:49:57 GMT" time="25.558" errors="0">
  <testcase name="signUpTest" time="25.558" classname="com.crm.qa.testcases.SignUpPageTest"/>
</testsuite> <!-- com.crm.qa.testcases.SignUpPageTest -->
